2016-03-30 09:36:34 Notice: Strict (2048): Declaration of App\Controller\UsersController::beforeFilter() should be compatible with Cake\Controller\Controller::beforeFilter(Cake\Event\Event $event) in [C:\xampp\htdocs\coowi_en\src\Controller\UsersController.php, line 12]
Request URL: /coowi_en/users
Trace:
Cake\Error\BaseErrorHandler::handleError() - CORE\src\Error\BaseErrorHandler.php, line 146
include - APP/Controller\UsersController.php, line 12
Composer\Autoload\includeFile - ROOT\vendor\composer\ClassLoader.php, line 412
Composer\Autoload\ClassLoader::loadClass() - ROOT\vendor\composer\ClassLoader.php, line 301
spl_autoload_call - [internal], line ??
class_exists - [internal], line ??
Cake\Core\App::_classExistsInBase() - CORE\src\Core\App.php, line 151
Cake\Core\App::className() - CORE\src\Core\App.php, line 64
Cake\Routing\Filter\ControllerFactoryFilter::_getController() - CORE\src\Routing\Filter\ControllerFactoryFilter.php, line 91
Cake\Routing\Filter\ControllerFactoryFilter::beforeDispatch() - CORE\src\Routing\Filter\ControllerFactoryFilter.php, line 51
Cake\Routing\DispatcherFilter::handle() - CORE\src\Routing\DispatcherFilter.php, line 145
Cake\Event\EventManager::_callListener() - CORE\src\Event\EventManager.php, line 390
Cake\Event\EventManager::dispatch() - CORE\src\Event\EventManager.php, line 356
Cake\Routing\Dispatcher::dispatchEvent() - CORE\src\Event\EventDispatcherTrait.php, line 78
Cake\Routing\Dispatcher::dispatch() - CORE\src\Routing\Dispatcher.php, line 62
[main] - ROOT\webroot\index.php, line 37



2016-03-30 09:38:58 Notice: Strict (2048): Declaration of App\Controller\UsersController::beforeFilter() should be compatible with Cake\Controller\Controller::beforeFilter(Cake\Event\Event $event) in [C:\xampp\htdocs\coowi_en\src\Controller\UsersController.php, line 12]
Request URL: /coowi_en/users
Trace:
Cake\Error\BaseErrorHandler::handleError() - CORE\src\Error\BaseErrorHandler.php, line 146
include - APP/Controller\UsersController.php, line 12
Composer\Autoload\includeFile - ROOT\vendor\composer\ClassLoader.php, line 412
Composer\Autoload\ClassLoader::loadClass() - ROOT\vendor\composer\ClassLoader.php, line 301
spl_autoload_call - [internal], line ??
class_exists - [internal], line ??
Cake\Core\App::_classExistsInBase() - CORE\src\Core\App.php, line 151
Cake\Core\App::className() - CORE\src\Core\App.php, line 64
Cake\Routing\Filter\ControllerFactoryFilter::_getController() - CORE\src\Routing\Filter\ControllerFactoryFilter.php, line 91
Cake\Routing\Filter\ControllerFactoryFilter::beforeDispatch() - CORE\src\Routing\Filter\ControllerFactoryFilter.php, line 51
Cake\Routing\DispatcherFilter::handle() - CORE\src\Routing\DispatcherFilter.php, line 145
Cake\Event\EventManager::_callListener() - CORE\src\Event\EventManager.php, line 390
Cake\Event\EventManager::dispatch() - CORE\src\Event\EventManager.php, line 356
Cake\Routing\Dispatcher::dispatchEvent() - CORE\src\Event\EventDispatcherTrait.php, line 78
Cake\Routing\Dispatcher::dispatch() - CORE\src\Routing\Dispatcher.php, line 62
[main] - ROOT\webroot\index.php, line 37



2016-03-30 09:42:04 Notice: Strict (2048): Declaration of App\Controller\UsersController::beforeFilter() should be compatible with Cake\Controller\Controller::beforeFilter(Cake\Event\Event $event) in [C:\xampp\htdocs\coowi_en\src\Controller\UsersController.php, line 12]
Request URL: /coowi_en/users
Trace:
Cake\Error\BaseErrorHandler::handleError() - CORE\src\Error\BaseErrorHandler.php, line 146
include - APP/Controller\UsersController.php, line 12
Composer\Autoload\includeFile - ROOT\vendor\composer\ClassLoader.php, line 412
Composer\Autoload\ClassLoader::loadClass() - ROOT\vendor\composer\ClassLoader.php, line 301
spl_autoload_call - [internal], line ??
class_exists - [internal], line ??
Cake\Core\App::_classExistsInBase() - CORE\src\Core\App.php, line 151
Cake\Core\App::className() - CORE\src\Core\App.php, line 64
Cake\Routing\Filter\ControllerFactoryFilter::_getController() - CORE\src\Routing\Filter\ControllerFactoryFilter.php, line 91
Cake\Routing\Filter\ControllerFactoryFilter::beforeDispatch() - CORE\src\Routing\Filter\ControllerFactoryFilter.php, line 51
Cake\Routing\DispatcherFilter::handle() - CORE\src\Routing\DispatcherFilter.php, line 145
Cake\Event\EventManager::_callListener() - CORE\src\Event\EventManager.php, line 390
Cake\Event\EventManager::dispatch() - CORE\src\Event\EventManager.php, line 356
Cake\Routing\Dispatcher::dispatchEvent() - CORE\src\Event\EventDispatcherTrait.php, line 78
Cake\Routing\Dispatcher::dispatch() - CORE\src\Routing\Dispatcher.php, line 62
[main] - ROOT\webroot\index.php, line 37



2016-03-30 09:45:16 Notice: Strict (2048): Declaration of App\Controller\UsersController::beforeFilter() should be compatible with Cake\Controller\Controller::beforeFilter(Cake\Event\Event $event) in [C:\xampp\htdocs\coowi_en\src\Controller\UsersController.php, line 12]
Request URL: /coowi_en/users/add
Referer URL: http://localhost/coowi_en/users
Trace:
Cake\Error\BaseErrorHandler::handleError() - CORE\src\Error\BaseErrorHandler.php, line 146
include - APP/Controller\UsersController.php, line 12
Composer\Autoload\includeFile - ROOT\vendor\composer\ClassLoader.php, line 412
Composer\Autoload\ClassLoader::loadClass() - ROOT\vendor\composer\ClassLoader.php, line 301
spl_autoload_call - [internal], line ??
class_exists - [internal], line ??
Cake\Core\App::_classExistsInBase() - CORE\src\Core\App.php, line 151
Cake\Core\App::className() - CORE\src\Core\App.php, line 64
Cake\Routing\Filter\ControllerFactoryFilter::_getController() - CORE\src\Routing\Filter\ControllerFactoryFilter.php, line 91
Cake\Routing\Filter\ControllerFactoryFilter::beforeDispatch() - CORE\src\Routing\Filter\ControllerFactoryFilter.php, line 51
Cake\Routing\DispatcherFilter::handle() - CORE\src\Routing\DispatcherFilter.php, line 145
Cake\Event\EventManager::_callListener() - CORE\src\Event\EventManager.php, line 390
Cake\Event\EventManager::dispatch() - CORE\src\Event\EventManager.php, line 356
Cake\Routing\Dispatcher::dispatchEvent() - CORE\src\Event\EventDispatcherTrait.php, line 78
Cake\Routing\Dispatcher::dispatch() - CORE\src\Routing\Dispatcher.php, line 62
[main] - ROOT\webroot\index.php, line 37



2016-03-31 16:30:29 Notice: Notice (8): Undefined offset: 0 in [C:\xampp\htdocs\coowi_en\src\Controller\PetitionsController.php, line 137]
Request URL: /coowi_en/petitions
Trace:
Cake\Error\BaseErrorHandler::handleError() - CORE\src\Error\BaseErrorHandler.php, line 146
App\Controller\PetitionsController::isAuthorized() - APP/Controller\PetitionsController.php, line 137
Cake\Auth\ControllerAuthorize::authorize() - CORE\src\Auth\ControllerAuthorize.php, line 92
Cake\Controller\Component\AuthComponent::isAuthorized() - CORE\src\Controller\Component\AuthComponent.php, line 494
Cake\Controller\Component\AuthComponent::authCheck() - CORE\src\Controller\Component\AuthComponent.php, line 305
Cake\Controller\Component\AuthComponent::startup() - CORE\src\Controller\Component\AuthComponent.php, line 258
Cake\Event\EventManager::_callListener() - CORE\src\Event\EventManager.php, line 386
Cake\Event\EventManager::dispatch() - CORE\src\Event\EventManager.php, line 356
Cake\Controller\Controller::dispatchEvent() - CORE\src\Event\EventDispatcherTrait.php, line 78
Cake\Controller\Controller::startupProcess() - CORE\src\Controller\Controller.php, line 495
Cake\Routing\Dispatcher::_invoke() - CORE\src\Routing\Dispatcher.php, line 109
Cake\Routing\Dispatcher::dispatch() - CORE\src\Routing\Dispatcher.php, line 87
[main] - ROOT\webroot\index.php, line 37



2016-03-31 16:30:59 Notice: Notice (8): Undefined offset: 0 in [C:\xampp\htdocs\coowi_en\src\Controller\PetitionsController.php, line 137]
Request URL: /coowi_en/petitions/index
Trace:
Cake\Error\BaseErrorHandler::handleError() - CORE\src\Error\BaseErrorHandler.php, line 146
App\Controller\PetitionsController::isAuthorized() - APP/Controller\PetitionsController.php, line 137
Cake\Auth\ControllerAuthorize::authorize() - CORE\src\Auth\ControllerAuthorize.php, line 92
Cake\Controller\Component\AuthComponent::isAuthorized() - CORE\src\Controller\Component\AuthComponent.php, line 494
Cake\Controller\Component\AuthComponent::authCheck() - CORE\src\Controller\Component\AuthComponent.php, line 305
Cake\Controller\Component\AuthComponent::startup() - CORE\src\Controller\Component\AuthComponent.php, line 258
Cake\Event\EventManager::_callListener() - CORE\src\Event\EventManager.php, line 386
Cake\Event\EventManager::dispatch() - CORE\src\Event\EventManager.php, line 356
Cake\Controller\Controller::dispatchEvent() - CORE\src\Event\EventDispatcherTrait.php, line 78
Cake\Controller\Controller::startupProcess() - CORE\src\Controller\Controller.php, line 495
Cake\Routing\Dispatcher::_invoke() - CORE\src\Routing\Dispatcher.php, line 109
Cake\Routing\Dispatcher::dispatch() - CORE\src\Routing\Dispatcher.php, line 87
[main] - ROOT\webroot\index.php, line 37



2016-03-31 16:34:07 Notice: Notice (8): Undefined offset: 0 in [C:\xampp\htdocs\coowi_en\src\Controller\PetitionsController.php, line 137]
Request URL: /coowi_en/petitions
Trace:
Cake\Error\BaseErrorHandler::handleError() - CORE\src\Error\BaseErrorHandler.php, line 146
App\Controller\PetitionsController::isAuthorized() - APP/Controller\PetitionsController.php, line 137
Cake\Auth\ControllerAuthorize::authorize() - CORE\src\Auth\ControllerAuthorize.php, line 92
Cake\Controller\Component\AuthComponent::isAuthorized() - CORE\src\Controller\Component\AuthComponent.php, line 494
Cake\Controller\Component\AuthComponent::authCheck() - CORE\src\Controller\Component\AuthComponent.php, line 305
Cake\Controller\Component\AuthComponent::startup() - CORE\src\Controller\Component\AuthComponent.php, line 258
Cake\Event\EventManager::_callListener() - CORE\src\Event\EventManager.php, line 386
Cake\Event\EventManager::dispatch() - CORE\src\Event\EventManager.php, line 356
Cake\Controller\Controller::dispatchEvent() - CORE\src\Event\EventDispatcherTrait.php, line 78
Cake\Controller\Controller::startupProcess() - CORE\src\Controller\Controller.php, line 495
Cake\Routing\Dispatcher::_invoke() - CORE\src\Routing\Dispatcher.php, line 109
Cake\Routing\Dispatcher::dispatch() - CORE\src\Routing\Dispatcher.php, line 87
[main] - ROOT\webroot\index.php, line 37



2016-04-05 14:42:37 Notice: Deprecated (16384): Controller::$layout is deprecated. Use $this->viewBuilder()->layout() instead. in [C:\xampp\htdocs\coowi_en\vendor\cakephp\cakephp\src\Controller\Controller.php, line 375]
Request URL: /coowi_en/petitions
Referer URL: http://localhost/coowi_en/users/login
Trace:
Cake\Error\BaseErrorHandler::handleError() - CORE\src\Error\BaseErrorHandler.php, line 146
Cake\Controller\Controller::__set() - CORE\src\Controller\Controller.php, line 375
App\Controller\PetitionsController::initialize() - APP/Controller\PetitionsController.php, line 17
Cake\Controller\Controller::__construct() - CORE\src\Controller\Controller.php, line 262
ReflectionClass::newInstance() - [internal], line ??
Cake\Routing\Filter\ControllerFactoryFilter::_getController() - CORE\src\Routing\Filter\ControllerFactoryFilter.php, line 100
Cake\Routing\Filter\ControllerFactoryFilter::beforeDispatch() - CORE\src\Routing\Filter\ControllerFactoryFilter.php, line 51
Cake\Routing\DispatcherFilter::handle() - CORE\src\Routing\DispatcherFilter.php, line 145
Cake\Event\EventManager::_callListener() - CORE\src\Event\EventManager.php, line 390
Cake\Event\EventManager::dispatch() - CORE\src\Event\EventManager.php, line 356
Cake\Routing\Dispatcher::dispatchEvent() - CORE\src\Event\EventDispatcherTrait.php, line 78
Cake\Routing\Dispatcher::dispatch() - CORE\src\Routing\Dispatcher.php, line 62
[main] - ROOT\webroot\index.php, line 37



2016-04-05 14:42:47 Notice: Deprecated (16384): Controller::$layout is deprecated. Use $this->viewBuilder()->layout() instead. in [C:\xampp\htdocs\coowi_en\vendor\cakephp\cakephp\src\Controller\Controller.php, line 375]
Request URL: /coowi_en/petitions
Referer URL: http://localhost/coowi_en/users/login
Trace:
Cake\Error\BaseErrorHandler::handleError() - CORE\src\Error\BaseErrorHandler.php, line 146
Cake\Controller\Controller::__set() - CORE\src\Controller\Controller.php, line 375
App\Controller\PetitionsController::initialize() - APP/Controller\PetitionsController.php, line 17
Cake\Controller\Controller::__construct() - CORE\src\Controller\Controller.php, line 262
ReflectionClass::newInstance() - [internal], line ??
Cake\Routing\Filter\ControllerFactoryFilter::_getController() - CORE\src\Routing\Filter\ControllerFactoryFilter.php, line 100
Cake\Routing\Filter\ControllerFactoryFilter::beforeDispatch() - CORE\src\Routing\Filter\ControllerFactoryFilter.php, line 51
Cake\Routing\DispatcherFilter::handle() - CORE\src\Routing\DispatcherFilter.php, line 145
Cake\Event\EventManager::_callListener() - CORE\src\Event\EventManager.php, line 390
Cake\Event\EventManager::dispatch() - CORE\src\Event\EventManager.php, line 356
Cake\Routing\Dispatcher::dispatchEvent() - CORE\src\Event\EventDispatcherTrait.php, line 78
Cake\Routing\Dispatcher::dispatch() - CORE\src\Routing\Dispatcher.php, line 62
[main] - ROOT\webroot\index.php, line 37



2016-04-05 14:44:33 Notice: Deprecated (16384): Controller::$layout is deprecated. Use $this->viewBuilder()->layout() instead. in [C:\xampp\htdocs\coowi_en\vendor\cakephp\cakephp\src\Controller\Controller.php, line 375]
Request URL: /coowi_en/petitions
Referer URL: http://localhost/coowi_en/users/login
Trace:
Cake\Error\BaseErrorHandler::handleError() - CORE\src\Error\BaseErrorHandler.php, line 146
Cake\Controller\Controller::__set() - CORE\src\Controller\Controller.php, line 375
App\Controller\PetitionsController::initialize() - APP/Controller\PetitionsController.php, line 17
Cake\Controller\Controller::__construct() - CORE\src\Controller\Controller.php, line 262
ReflectionClass::newInstance() - [internal], line ??
Cake\Routing\Filter\ControllerFactoryFilter::_getController() - CORE\src\Routing\Filter\ControllerFactoryFilter.php, line 100
Cake\Routing\Filter\ControllerFactoryFilter::beforeDispatch() - CORE\src\Routing\Filter\ControllerFactoryFilter.php, line 51
Cake\Routing\DispatcherFilter::handle() - CORE\src\Routing\DispatcherFilter.php, line 145
Cake\Event\EventManager::_callListener() - CORE\src\Event\EventManager.php, line 390
Cake\Event\EventManager::dispatch() - CORE\src\Event\EventManager.php, line 356
Cake\Routing\Dispatcher::dispatchEvent() - CORE\src\Event\EventDispatcherTrait.php, line 78
Cake\Routing\Dispatcher::dispatch() - CORE\src\Routing\Dispatcher.php, line 62
[main] - ROOT\webroot\index.php, line 37



2016-04-05 14:47:49 Notice: Deprecated (16384): Controller::$layout is deprecated. Use $this->viewBuilder()->layout() instead. in [C:\xampp\htdocs\coowi_en\vendor\cakephp\cakephp\src\Controller\Controller.php, line 375]
Request URL: /coowi_en/petitions
Referer URL: http://localhost/coowi_en/users/login
Trace:
Cake\Error\BaseErrorHandler::handleError() - CORE\src\Error\BaseErrorHandler.php, line 146
Cake\Controller\Controller::__set() - CORE\src\Controller\Controller.php, line 375
App\Controller\PetitionsController::initialize() - APP/Controller\PetitionsController.php, line 17
Cake\Controller\Controller::__construct() - CORE\src\Controller\Controller.php, line 262
ReflectionClass::newInstance() - [internal], line ??
Cake\Routing\Filter\ControllerFactoryFilter::_getController() - CORE\src\Routing\Filter\ControllerFactoryFilter.php, line 100
Cake\Routing\Filter\ControllerFactoryFilter::beforeDispatch() - CORE\src\Routing\Filter\ControllerFactoryFilter.php, line 51
Cake\Routing\DispatcherFilter::handle() - CORE\src\Routing\DispatcherFilter.php, line 145
Cake\Event\EventManager::_callListener() - CORE\src\Event\EventManager.php, line 390
Cake\Event\EventManager::dispatch() - CORE\src\Event\EventManager.php, line 356
Cake\Routing\Dispatcher::dispatchEvent() - CORE\src\Event\EventDispatcherTrait.php, line 78
Cake\Routing\Dispatcher::dispatch() - CORE\src\Routing\Dispatcher.php, line 62
[main] - ROOT\webroot\index.php, line 37



2016-04-05 14:48:55 Notice: Deprecated (16384): Controller::$layout is deprecated. Use $this->viewBuilder()->layout() instead. in [C:\xampp\htdocs\coowi_en\vendor\cakephp\cakephp\src\Controller\Controller.php, line 375]
Request URL: /coowi_en/petitions
Referer URL: http://localhost/coowi_en/users/login
Trace:
Cake\Error\BaseErrorHandler::handleError() - CORE\src\Error\BaseErrorHandler.php, line 146
Cake\Controller\Controller::__set() - CORE\src\Controller\Controller.php, line 375
App\Controller\AppController::initialize() - APP/Controller\AppController.php, line 44
Cake\Controller\Controller::__construct() - CORE\src\Controller\Controller.php, line 262
ReflectionClass::newInstance() - [internal], line ??
Cake\Routing\Filter\ControllerFactoryFilter::_getController() - CORE\src\Routing\Filter\ControllerFactoryFilter.php, line 100
Cake\Routing\Filter\ControllerFactoryFilter::beforeDispatch() - CORE\src\Routing\Filter\ControllerFactoryFilter.php, line 51
Cake\Routing\DispatcherFilter::handle() - CORE\src\Routing\DispatcherFilter.php, line 145
Cake\Event\EventManager::_callListener() - CORE\src\Event\EventManager.php, line 390
Cake\Event\EventManager::dispatch() - CORE\src\Event\EventManager.php, line 356
Cake\Routing\Dispatcher::dispatchEvent() - CORE\src\Event\EventDispatcherTrait.php, line 78
Cake\Routing\Dispatcher::dispatch() - CORE\src\Routing\Dispatcher.php, line 62
[main] - ROOT\webroot\index.php, line 37



2016-04-05 14:56:04 Notice: Deprecated (16384): SessionHelper has been deprecated. Use request->session() instead. in [C:\xampp\htdocs\coowi_en\vendor\cakephp\cakephp\src\View\Helper\SessionHelper.php, line 39]
Request URL: /coowi_en/petitions
Referer URL: http://localhost/coowi_en/users/login
Trace:
Cake\Error\BaseErrorHandler::handleError() - CORE\src\Error\BaseErrorHandler.php, line 146
Cake\View\Helper\SessionHelper::__construct() - CORE\src\View\Helper\SessionHelper.php, line 39
Cake\View\HelperRegistry::_create() - CORE\src\View\HelperRegistry.php, line 142
Cake\Core\ObjectRegistry::load() - CORE\src\Core\ObjectRegistry.php, line 93
Cake\View\HelperRegistry::__isset() - CORE\src\View\HelperRegistry.php, line 66
Cake\View\View::__get() - CORE\src\View\View.php, line 888
include - APP/Template\Layout\default_custom.ctp, line 42
Cake\View\View::_evaluate() - CORE\src\View\View.php, line 992
Cake\View\View::_render() - CORE\src\View\View.php, line 952
Cake\View\View::renderLayout() - CORE\src\View\View.php, line 633
Cake\View\View::render() - CORE\src\View\View.php, line 592
Cake\Controller\Controller::render() - CORE\src\Controller\Controller.php, line 611
Cake\Routing\Dispatcher::_invoke() - CORE\src\Routing\Dispatcher.php, line 120
Cake\Routing\Dispatcher::dispatch() - CORE\src\Routing\Dispatcher.php, line 87
[main] - ROOT\webroot\index.php, line 37



2016-04-05 14:56:04 Notice: Notice (8): Array to string conversion in [C:\xampp\htdocs\coowi_en\src\Template\Layout\default_custom.ctp, line 42]
Request URL: /coowi_en/petitions
Referer URL: http://localhost/coowi_en/users/login
Trace:
Cake\Error\BaseErrorHandler::handleError() - CORE\src\Error\BaseErrorHandler.php, line 146
include - APP/Template\Layout\default_custom.ctp, line 42
Cake\View\View::_evaluate() - CORE\src\View\View.php, line 992
Cake\View\View::_render() - CORE\src\View\View.php, line 952
Cake\View\View::renderLayout() - CORE\src\View\View.php, line 633
Cake\View\View::render() - CORE\src\View\View.php, line 592
Cake\Controller\Controller::render() - CORE\src\Controller\Controller.php, line 611
Cake\Routing\Dispatcher::_invoke() - CORE\src\Routing\Dispatcher.php, line 120
Cake\Routing\Dispatcher::dispatch() - CORE\src\Routing\Dispatcher.php, line 87
[main] - ROOT\webroot\index.php, line 37



2016-04-05 14:56:04 Notice: Notice (8): Undefined index: user_name in [C:\xampp\htdocs\coowi_en\src\Template\Layout\default_custom.ctp, line 44]
Request URL: /coowi_en/petitions
Referer URL: http://localhost/coowi_en/users/login
Trace:
Cake\Error\BaseErrorHandler::handleError() - CORE\src\Error\BaseErrorHandler.php, line 146
include - APP/Template\Layout\default_custom.ctp, line 44
Cake\View\View::_evaluate() - CORE\src\View\View.php, line 992
Cake\View\View::_render() - CORE\src\View\View.php, line 952
Cake\View\View::renderLayout() - CORE\src\View\View.php, line 633
Cake\View\View::render() - CORE\src\View\View.php, line 592
Cake\Controller\Controller::render() - CORE\src\Controller\Controller.php, line 611
Cake\Routing\Dispatcher::_invoke() - CORE\src\Routing\Dispatcher.php, line 120
Cake\Routing\Dispatcher::dispatch() - CORE\src\Routing\Dispatcher.php, line 87
[main] - ROOT\webroot\index.php, line 37



2016-04-05 14:57:42 Notice: Deprecated (16384): SessionHelper has been deprecated. Use request->session() instead. in [C:\xampp\htdocs\coowi_en\vendor\cakephp\cakephp\src\View\Helper\SessionHelper.php, line 39]
Request URL: /coowi_en/users/login
Referer URL: http://localhost/coowi_en/users/login
Trace:
Cake\Error\BaseErrorHandler::handleError() - CORE\src\Error\BaseErrorHandler.php, line 146
Cake\View\Helper\SessionHelper::__construct() - CORE\src\View\Helper\SessionHelper.php, line 39
Cake\View\HelperRegistry::_create() - CORE\src\View\HelperRegistry.php, line 142
Cake\Core\ObjectRegistry::load() - CORE\src\Core\ObjectRegistry.php, line 93
Cake\View\HelperRegistry::__isset() - CORE\src\View\HelperRegistry.php, line 66
Cake\View\View::__get() - CORE\src\View\View.php, line 888
include - APP/Template\Layout\default_custom.ctp, line 42
Cake\View\View::_evaluate() - CORE\src\View\View.php, line 992
Cake\View\View::_render() - CORE\src\View\View.php, line 952
Cake\View\View::renderLayout() - CORE\src\View\View.php, line 633
Cake\View\View::render() - CORE\src\View\View.php, line 592
Cake\Controller\Controller::render() - CORE\src\Controller\Controller.php, line 611
Cake\Routing\Dispatcher::_invoke() - CORE\src\Routing\Dispatcher.php, line 120
Cake\Routing\Dispatcher::dispatch() - CORE\src\Routing\Dispatcher.php, line 87
[main] - ROOT\webroot\index.php, line 37



2016-04-05 14:57:42 Notice: Notice (8): Array to string conversion in [C:\xampp\htdocs\coowi_en\src\Template\Layout\default_custom.ctp, line 42]
Request URL: /coowi_en/users/login
Referer URL: http://localhost/coowi_en/users/login
Trace:
Cake\Error\BaseErrorHandler::handleError() - CORE\src\Error\BaseErrorHandler.php, line 146
include - APP/Template\Layout\default_custom.ctp, line 42
Cake\View\View::_evaluate() - CORE\src\View\View.php, line 992
Cake\View\View::_render() - CORE\src\View\View.php, line 952
Cake\View\View::renderLayout() - CORE\src\View\View.php, line 633
Cake\View\View::render() - CORE\src\View\View.php, line 592
Cake\Controller\Controller::render() - CORE\src\Controller\Controller.php, line 611
Cake\Routing\Dispatcher::_invoke() - CORE\src\Routing\Dispatcher.php, line 120
Cake\Routing\Dispatcher::dispatch() - CORE\src\Routing\Dispatcher.php, line 87
[main] - ROOT\webroot\index.php, line 37



2016-04-05 14:57:42 Notice: Notice (8): Undefined index: user_name in [C:\xampp\htdocs\coowi_en\src\Template\Layout\default_custom.ctp, line 44]
Request URL: /coowi_en/users/login
Referer URL: http://localhost/coowi_en/users/login
Trace:
Cake\Error\BaseErrorHandler::handleError() - CORE\src\Error\BaseErrorHandler.php, line 146
include - APP/Template\Layout\default_custom.ctp, line 44
Cake\View\View::_evaluate() - CORE\src\View\View.php, line 992
Cake\View\View::_render() - CORE\src\View\View.php, line 952
Cake\View\View::renderLayout() - CORE\src\View\View.php, line 633
Cake\View\View::render() - CORE\src\View\View.php, line 592
Cake\Controller\Controller::render() - CORE\src\Controller\Controller.php, line 611
Cake\Routing\Dispatcher::_invoke() - CORE\src\Routing\Dispatcher.php, line 120
Cake\Routing\Dispatcher::dispatch() - CORE\src\Routing\Dispatcher.php, line 87
[main] - ROOT\webroot\index.php, line 37



2016-04-05 15:07:27 Notice: Notice (8): Undefined variable: session in [C:\xampp\htdocs\coowi_en\src\Template\Layout\default_custom.ctp, line 42]
Request URL: /coowi_en/petitions
Referer URL: http://localhost/coowi_en/users
Trace:
Cake\Error\BaseErrorHandler::handleError() - CORE\src\Error\BaseErrorHandler.php, line 146
include - APP/Template\Layout\default_custom.ctp, line 42
Cake\View\View::_evaluate() - CORE\src\View\View.php, line 992
Cake\View\View::_render() - CORE\src\View\View.php, line 952
Cake\View\View::renderLayout() - CORE\src\View\View.php, line 633
Cake\View\View::render() - CORE\src\View\View.php, line 592
Cake\Controller\Controller::render() - CORE\src\Controller\Controller.php, line 611
Cake\Routing\Dispatcher::_invoke() - CORE\src\Routing\Dispatcher.php, line 120
Cake\Routing\Dispatcher::dispatch() - CORE\src\Routing\Dispatcher.php, line 87
[main] - ROOT\webroot\index.php, line 37



